This is pdfTeX, Version 3.14159265-2.6-1.40.20 (MiKTeX 2.9.7250 64-bit) (preloaded format=pdflatex 2020.5.15)  19 JUN 2020 16:00
entering extended mode
**./report.tex
(report.tex
LaTeX2e <2019-10-01> patch level 3
("C:\Program Files\MiKTeX 2.9\tex/latex/base\report.cls"
Document Class: report 2019/10/25 v1.4k Standard LaTeX document class
("C:\Program Files\MiKTeX 2.9\tex/latex/base\size12.clo"
File: size12.clo 2019/10/25 v1.4k Standard LaTeX file (size option)
)
\c@part=\count80
\c@chapter=\count81
\c@section=\count82
\c@subsection=\count83
\c@subsubsection=\count84
\c@paragraph=\count85
\c@subparagraph=\count86
\c@figure=\count87
\c@table=\count88
\abovecaptionskip=\skip41
\belowcaptionskip=\skip42
\bibindent=\dimen102
)
("C:\Program Files\MiKTeX 2.9\tex/latex/base\inputenc.sty"
Package: inputenc 2018/08/11 v1.3c Input encoding file
\inpenc@prehook=\toks14
\inpenc@posthook=\toks15
)
("C:\Program Files\MiKTeX 2.9\tex/generic/babel\babel.sty"
Package: babel 2019/12/08 3.37 The Babel package

("C:\Program Files\MiKTeX 2.9\tex/generic/babel\switch.def"
File: switch.def 2019/12/08 3.37 Babel switching mechanism
)
*************************************
* Local config file bblopts.cfg used
*
("C:\Program Files\MiKTeX 2.9\tex/latex/arabi\bblopts.cfg"
File: bblopts.cfg 2005/09/08 v0.1 add Arabic and Farsi to "declared" options of
 babel
)
("C:\Program Files\MiKTeX 2.9\tex/latex/babel-english\english.ldf"
Language: english 2017/06/06 v3.3r English support from the babel system

("C:\Program Files\MiKTeX 2.9\tex/generic/babel\babel.def"
File: babel.def 2019/12/08 3.37 Babel common definitions
\babel@savecnt=\count89
\U@D=\dimen103

("C:\Program Files\MiKTeX 2.9\tex/generic/babel\txtbabel.def")
\bbl@dirlevel=\count90
)
Package babel Info: \l@canadian = using hyphenrules for english
(babel)             (\language0) on input line 102.
Package babel Info: \l@australian = using hyphenrules for ukenglish
(babel)             (\language72) on input line 105.
Package babel Info: \l@newzealand = using hyphenrules for ukenglish
(babel)             (\language72) on input line 108.
))
("C:\Program Files\MiKTeX 2.9\tex/latex/geometry\geometry.sty"
Package: geometry 2020/01/02 v5.9 Page Geometry

("C:\Program Files\MiKTeX 2.9\tex/latex/graphics\keyval.sty"
Package: keyval 2014/10/28 v1.15 key=value parser (DPC)
\KV@toks@=\toks16
)
("C:\Program Files\MiKTeX 2.9\tex/generic/iftex\ifvtex.sty"
Package: ifvtex 2019/10/25 v1.7 ifvtex legacy package. Use iftex instead.

("C:\Program Files\MiKTeX 2.9\tex/generic/iftex\iftex.sty"
Package: iftex 2019/11/07 v1.0c TeX engine tests
))
\Gm@cnth=\count91
\Gm@cntv=\count92
\c@Gm@tempcnt=\count93
\Gm@bindingoffset=\dimen104
\Gm@wd@mp=\dimen105
\Gm@odd@mp=\dimen106
\Gm@even@mp=\dimen107
\Gm@layoutwidth=\dimen108
\Gm@layoutheight=\dimen109
\Gm@layouthoffset=\dimen110
\Gm@layoutvoffset=\dimen111
\Gm@dimlist=\toks17

("C:\Program Files\MiKTeX 2.9\tex/latex/geometry\geometry.cfg"))
("C:\Program Files\MiKTeX 2.9\tex/latex/fancyhdr\fancyhdr.sty"
Package: fancyhdr 2019/01/31 v3.10 Extensive control of page headers and footer
s
\f@nch@headwidth=\skip43
\f@nch@O@elh=\skip44
\f@nch@O@erh=\skip45
\f@nch@O@olh=\skip46
\f@nch@O@orh=\skip47
\f@nch@O@elf=\skip48
\f@nch@O@erf=\skip49
\f@nch@O@olf=\skip50
\f@nch@O@orf=\skip51
)
("C:\Program Files\MiKTeX 2.9\tex/latex/url\url.sty"
\Urlmuskip=\muskip10
Package: url 2013/09/16  ver 3.4  Verb mode for urls, etc.
)
("C:\Program Files\MiKTeX 2.9\tex/latex/datetime\datetime.sty"
Package: datetime 2015/03/20 v2.60 Date Time Package

("C:\Program Files\MiKTeX 2.9\tex/latex/etoolbox\etoolbox.sty"
Package: etoolbox 2019/09/21 v2.5h e-TeX tools for LaTeX (JAW)
\etb@tempcnta=\count94
)
("C:\Program Files\MiKTeX 2.9\tex/latex/fmtcount\fmtcount.sty"
Package: fmtcount 2020/01/30 v3.07

("C:\Program Files\MiKTeX 2.9\tex/latex/base\ifthen.sty"
Package: ifthen 2014/09/29 v1.1c Standard LaTeX ifthen package (DPC)
)
("C:\Program Files\MiKTeX 2.9\tex/latex/xkeyval\xkeyval.sty"
Package: xkeyval 2014/12/03 v2.7a package option processing (HA)

("C:\Program Files\MiKTeX 2.9\tex/generic/xkeyval\xkeyval.tex"
("C:\Program Files\MiKTeX 2.9\tex/generic/xkeyval\xkvutils.tex"
\XKV@toks=\toks18
\XKV@tempa@toks=\toks19
)
\XKV@depth=\count95
File: xkeyval.tex 2014/12/03 v2.7a key=value parser (HA)
))
("C:\Program Files\MiKTeX 2.9\tex/latex/fmtcount\fcprefix.sty"
Package: fcprefix 2012/09/28

("C:\Program Files\MiKTeX 2.9\tex/latex/fmtcount\fcnumparser.sty"
Package: fcnumparser 2017/06/15
\fc@digit@counter=\count96
))
("C:\Program Files\MiKTeX 2.9\tex/latex/amsmath\amsgen.sty"
File: amsgen.sty 1999/11/30 v2.0 generic functions
\@emptytoks=\toks20
\ex@=\dimen112
)
\c@padzeroesN=\count97
\fc@tmpcatcode=\count98

("C:\Program Files\MiKTeX 2.9\tex/latex/fmtcount\fc-english.def"
File: fc-english.def 2016/01/12
)
\@DT@modctr=\count99
\@ordinalctr=\count100
\@orgargctr=\count101
\@strctr=\count102
\@tmpstrctr=\count103
\@DT@loopN=\count104
\@DT@X=\count105
)
("C:\Program Files\MiKTeX 2.9\tex/latex/datetime\datetime-defaults.sty"
Package: datetime-defaults 2013/09/10
)
\@day=\count106
\@month=\count107
\@year=\count108
\c@HOUR=\count109
\c@HOURXII=\count110
\c@MINUTE=\count111
\c@TOHOUR=\count112
\c@TOMINUTE=\count113
\c@SECOND=\count114
\currenthour=\count115
\currentminute=\count116
\currentsecond=\count117
Package datetime Info: No datetime.cfg file found, using default settings on in
put line 308.
\@dtctr=\count118
\dayofyear=\count119
\dayofweek=\count120
LaTeX Info: Redefining \today on input line 736.
\dt@a=\toks21
\dt@b=\toks22
)
("C:\Program Files\MiKTeX 2.9\tex/latex/graphics\graphicx.sty"
Package: graphicx 2017/06/01 v1.1a Enhanced LaTeX Graphics (DPC,SPQR)

("C:\Program Files\MiKTeX 2.9\tex/latex/graphics\graphics.sty"
Package: graphics 2019/11/01 v1.3d Standard LaTeX Graphics (DPC,SPQR)

("C:\Program Files\MiKTeX 2.9\tex/latex/graphics\trig.sty"
Package: trig 2016/01/03 v1.10 sin cos tan (DPC)
)
("C:\Program Files\MiKTeX 2.9\tex/latex/graphics-cfg\graphics.cfg"
File: graphics.cfg 2016/06/04 v1.11 sample graphics configuration
)
Package graphics Info: Driver file: pdftex.def on input line 105.

("C:\Program Files\MiKTeX 2.9\tex/latex/graphics-def\pdftex.def"
File: pdftex.def 2018/01/08 v1.0l Graphics/color driver for pdftex
))
\Gin@req@height=\dimen113
\Gin@req@width=\dimen114
)
("C:\Program Files\MiKTeX 2.9\tex/latex/float\float.sty"
Package: float 2001/11/08 v1.3d Float enhancements (AL)
\c@float@type=\count121
\float@exts=\toks23
\float@box=\box27
\@float@everytoks=\toks24
\@floatcapt=\box28
)
("C:\Program Files\MiKTeX 2.9\tex/latex/caption\caption.sty"
Package: caption 2020/05/10 v3.4j Customizing captions (AR)

("C:\Program Files\MiKTeX 2.9\tex/latex/caption\caption3.sty"
Package: caption3 2020/05/10 v1.11 caption3 kernel (AR)
Package caption3 Info: TeX engine: e-TeX on input line 61.
\captionmargin=\dimen115
\captionmargin@=\dimen116
\captionwidth=\dimen117
\caption@tempdima=\dimen118
\caption@indent=\dimen119
\caption@parindent=\dimen120
\caption@hangindent=\dimen121
Package caption Info: Standard document class detected.
)
\c@caption@flags=\count122
\c@continuedfloat=\count123
Package caption Info: float package is loaded.
)
("C:\Program Files\MiKTeX 2.9\tex/latex/amsmath\amsmath.sty"
Package: amsmath 2019/11/16 v2.17d AMS math features
\@mathmargin=\skip52

For additional information on amsmath, use the `?' option.
("C:\Program Files\MiKTeX 2.9\tex/latex/amsmath\amstext.sty"
Package: amstext 2000/06/29 v2.01 AMS text
)
("C:\Program Files\MiKTeX 2.9\tex/latex/amsmath\amsbsy.sty"
Package: amsbsy 1999/11/29 v1.2d Bold Symbols
\pmbraise@=\dimen122
)
("C:\Program Files\MiKTeX 2.9\tex/latex/amsmath\amsopn.sty"
Package: amsopn 2016/03/08 v2.02 operator names
)
\inf@bad=\count124
LaTeX Info: Redefining \frac on input line 227.
\uproot@=\count125
\leftroot@=\count126
LaTeX Info: Redefining \overline on input line 389.
\classnum@=\count127
\DOTSCASE@=\count128
LaTeX Info: Redefining \ldots on input line 486.
LaTeX Info: Redefining \dots on input line 489.
LaTeX Info: Redefining \cdots on input line 610.
\Mathstrutbox@=\box29
\strutbox@=\box30
\big@size=\dimen123
LaTeX Font Info:    Redeclaring font encoding OML on input line 733.
LaTeX Font Info:    Redeclaring font encoding OMS on input line 734.
\macc@depth=\count129
\c@MaxMatrixCols=\count130
\dotsspace@=\muskip11
\c@parentequation=\count131
\dspbrk@lvl=\count132
\tag@help=\toks25
\row@=\count133
\column@=\count134
\maxfields@=\count135
\andhelp@=\toks26
\eqnshift@=\dimen124
\alignsep@=\dimen125
\tagshift@=\dimen126
\tagwidth@=\dimen127
\totwidth@=\dimen128
\lineht@=\dimen129
\@envbody=\toks27
\multlinegap=\skip53
\multlinetaggap=\skip54
\mathdisplay@stack=\toks28
LaTeX Info: Redefining \[ on input line 2858.
LaTeX Info: Redefining \] on input line 2859.
)
("C:\Program Files\MiKTeX 2.9\tex/latex/hyperref\hyperref.sty"
Package: hyperref 2019/11/10 v7.00c Hypertext links for LaTeX

("C:\Program Files\MiKTeX 2.9\tex/generic/ltxcmds\ltxcmds.sty"
Package: ltxcmds 2019/12/15 v1.24 LaTeX kernel commands for general use (HO)
)
("C:\Program Files\MiKTeX 2.9\tex/latex/pdftexcmds\pdftexcmds.sty"
Package: pdftexcmds 2019/11/24 v0.31 Utility functions of pdfTeX for LuaTeX (HO
)

("C:\Program Files\MiKTeX 2.9\tex/generic/infwarerr\infwarerr.sty"
Package: infwarerr 2019/12/03 v1.5 Providing info/warning/error messages (HO)
)
Package pdftexcmds Info: \pdf@primitive is available.
Package pdftexcmds Info: \pdf@ifprimitive is available.
Package pdftexcmds Info: \pdfdraftmode found.
)
("C:\Program Files\MiKTeX 2.9\tex/generic/kvsetkeys\kvsetkeys.sty"
Package: kvsetkeys 2019/12/15 v1.18 Key value parser (HO)
)
("C:\Program Files\MiKTeX 2.9\tex/generic/kvdefinekeys\kvdefinekeys.sty"
Package: kvdefinekeys 2019-12-19 v1.6 Define keys (HO)
)
("C:\Program Files\MiKTeX 2.9\tex/generic/pdfescape\pdfescape.sty"
Package: pdfescape 2019/12/09 v1.15 Implements pdfTeX's escape features (HO)
)
("C:\Program Files\MiKTeX 2.9\tex/latex/hycolor\hycolor.sty"
Package: hycolor 2020-01-27 v1.10 Color options for hyperref/bookmark (HO)
)
("C:\Program Files\MiKTeX 2.9\tex/latex/letltxmacro\letltxmacro.sty"
Package: letltxmacro 2019/12/03 v1.6 Let assignment for LaTeX macros (HO)
)
("C:\Program Files\MiKTeX 2.9\tex/latex/auxhook\auxhook.sty"
Package: auxhook 2019-12-17 v1.6 Hooks for auxiliary files (HO)
)
("C:\Program Files\MiKTeX 2.9\tex/latex/kvoptions\kvoptions.sty"
Package: kvoptions 2019/11/29 v3.13 Key value format for package options (HO)
)
\@linkdim=\dimen130
\Hy@linkcounter=\count136
\Hy@pagecounter=\count137

("C:\Program Files\MiKTeX 2.9\tex/latex/hyperref\pd1enc.def"
File: pd1enc.def 2019/11/10 v7.00c Hyperref: PDFDocEncoding definition (HO)
Now handling font encoding PD1 ...
... no UTF-8 mapping file for font encoding PD1
)
("C:\Program Files\MiKTeX 2.9\tex/generic/intcalc\intcalc.sty"
Package: intcalc 2019/12/15 v1.3 Expandable calculations with integers (HO)
)
("C:\Program Files\MiKTeX 2.9\tex/generic/etexcmds\etexcmds.sty"
Package: etexcmds 2019/12/15 v1.7 Avoid name clashes with e-TeX commands (HO)
)
\Hy@SavedSpaceFactor=\count138

("C:\Program Files\MiKTeX 2.9\tex/latex/00miktex\hyperref.cfg"
File: hyperref.cfg 2002/06/06 v1.2 hyperref configuration of TeXLive
)
Package hyperref Info: Hyper figures OFF on input line 4535.
Package hyperref Info: Link nesting OFF on input line 4540.
Package hyperref Info: Hyper index ON on input line 4543.
Package hyperref Info: Plain pages OFF on input line 4550.
Package hyperref Info: Backreferencing OFF on input line 4555.
Package hyperref Info: Implicit mode ON; LaTeX internals redefined.
Package hyperref Info: Bookmarks ON on input line 4788.
\c@Hy@tempcnt=\count139
LaTeX Info: Redefining \url on input line 5147.
\XeTeXLinkMargin=\dimen131

("C:\Program Files\MiKTeX 2.9\tex/generic/bitset\bitset.sty"
Package: bitset 2019/12/09 v1.3 Handle bit-vector datatype (HO)

("C:\Program Files\MiKTeX 2.9\tex/generic/bigintcalc\bigintcalc.sty"
Package: bigintcalc 2019/12/15 v1.5 Expandable calculations on big integers (HO
)
))
\Fld@menulength=\count140
\Field@Width=\dimen132
\Fld@charsize=\dimen133
Package hyperref Info: Hyper figures OFF on input line 6418.
Package hyperref Info: Link nesting OFF on input line 6423.
Package hyperref Info: Hyper index ON on input line 6426.
Package hyperref Info: backreferencing OFF on input line 6433.
Package hyperref Info: Link coloring OFF on input line 6438.
Package hyperref Info: Link coloring with OCG OFF on input line 6443.
Package hyperref Info: PDF/A mode OFF on input line 6448.
LaTeX Info: Redefining \ref on input line 6488.
LaTeX Info: Redefining \pageref on input line 6492.

("C:\Program Files\MiKTeX 2.9\tex/generic/atbegshi\atbegshi.sty"
Package: atbegshi 2019/12/05 v1.19 At begin shipout hook (HO)
)
\Hy@abspage=\count141
\c@Item=\count142
\c@Hfootnote=\count143
)
Package hyperref Info: Driver (autodetected): hpdftex.

("C:\Program Files\MiKTeX 2.9\tex/latex/hyperref\hpdftex.def"
File: hpdftex.def 2019/11/10 v7.00c Hyperref driver for pdfTeX

("C:\Program Files\MiKTeX 2.9\tex/latex/atveryend\atveryend.sty"
Package: atveryend 2019-12-11 v1.11 Hooks at the very end of document (HO)
)
\Fld@listcount=\count144
\c@bookmark@seq@number=\count145

("C:\Program Files\MiKTeX 2.9\tex/latex/rerunfilecheck\rerunfilecheck.sty"
Package: rerunfilecheck 2019/12/05 v1.9 Rerun checks for auxiliary files (HO)

("C:\Program Files\MiKTeX 2.9\tex/generic/uniquecounter\uniquecounter.sty"
Package: uniquecounter 2019/12/15 v1.4 Provide unlimited unique counter (HO)
)
Package uniquecounter Info: New unique counter `rerunfilecheck' on input line 2
86.
)
\Hy@SectionHShift=\skip55
)
("C:\Program Files\MiKTeX 2.9\tex/latex/nomencl\nomencl.sty"
Package: nomencl 2020/03/01 v5.4 Nomenclature package

("C:\Program Files\MiKTeX 2.9\tex/latex/koma-script\tocbasic.sty"
Package: tocbasic 2020/04/19 v3.30 KOMA-Script package (handling toc-files)

("C:\Program Files\MiKTeX 2.9\tex/latex/koma-script\scrbase.sty"
Package: scrbase 2020/04/19 v3.30 KOMA-Script package (KOMA-Script-independent 
basics and keyval usage)

("C:\Program Files\MiKTeX 2.9\tex/latex/koma-script\scrlfile.sty"
Package: scrlfile 2020/04/19 v3.30 KOMA-Script package (loading files)
))
\scr@dte@tocline@numberwidth=\skip56
\scr@dte@tocline@numbox=\box31
)
Package tocbasic Info: setting babel extension for `nlo' on input line 179.
Package tocbasic Info: setting babel extension for `nls' on input line 180.
\nomlabelwidth=\dimen134
\nom@tempdim=\dimen135
\nomitemsep=\skip57
)
\@nomenclaturefile=\write3
\openout3 = `report.nlo'.

Package nomencl Info: Writing nomenclature file report.nlo on input line 17.

("C:\Program Files\MiKTeX 2.9\tex/latex/amsfonts\amssymb.sty"
Package: amssymb 2013/01/14 v3.01 AMS font symbols

("C:\Program Files\MiKTeX 2.9\tex/latex/amsfonts\amsfonts.sty"
Package: amsfonts 2013/01/14 v3.01 Basic AMSFonts support
\symAMSa=\mathgroup4
\symAMSb=\mathgroup5
LaTeX Font Info:    Redeclaring math symbol \hbar on input line 98.
LaTeX Font Info:    Overwriting math alphabet `\mathfrak' in version `bold'
(Font)                  U/euf/m/n --> U/euf/b/n on input line 106.
))
("C:\Program Files\MiKTeX 2.9\tex/latex/caption\subcaption.sty"
Package: subcaption 2020/01/22 v1.3d Sub-captions (AR)
\c@subfigure=\count146
\c@subtable=\count147
)

LaTeX Warning: Unused global option(s):
    [twosided].

(report.aux)
\openout1 = `report.aux'.

LaTeX Font Info:    Checking defaults for OML/cmm/m/it on input line 61.
LaTeX Font Info:    ... okay on input line 61.
LaTeX Font Info:    Checking defaults for T1/cmr/m/n on input line 61.
LaTeX Font Info:    ... okay on input line 61.
LaTeX Font Info:    Checking defaults for OT1/cmr/m/n on input line 61.
LaTeX Font Info:    ... okay on input line 61.
LaTeX Font Info:    Checking defaults for OMS/cmsy/m/n on input line 61.
LaTeX Font Info:    ... okay on input line 61.
LaTeX Font Info:    Checking defaults for OMX/cmex/m/n on input line 61.
LaTeX Font Info:    ... okay on input line 61.
LaTeX Font Info:    Checking defaults for U/cmr/m/n on input line 61.
LaTeX Font Info:    ... okay on input line 61.
LaTeX Font Info:    Checking defaults for PD1/pdf/m/n on input line 61.
LaTeX Font Info:    ... okay on input line 61.

*geometry* driver: auto-detecting
*geometry* detected driver: pdftex
*geometry* verbose mode - [ preamble ] result:
* driver: pdftex
* paper: <default>
* layout: <same size as paper>
* layoutoffset:(h,v)=(0.0pt,0.0pt)
* modes: includehead includefoot 
* h-part:(L,W,R)=(28.45274pt, 557.38951pt, 28.45274pt)
* v-part:(T,H,B)=(28.45274pt, 738.0645pt, 28.45274pt)
* \paperwidth=614.295pt
* \paperheight=794.96999pt
* \textwidth=557.38951pt
* \textheight=671.0645pt
* \oddsidemargin=-43.81725pt
* \evensidemargin=-43.81725pt
* \topmargin=-43.81725pt
* \headheight=12.0pt
* \headsep=25.0pt
* \topskip=12.0pt
* \footskip=30.0pt
* \marginparwidth=44.0pt
* \marginparsep=10.0pt
* \columnsep=10.0pt
* \skip\footins=10.8pt plus 4.0pt minus 2.0pt
* \hoffset=0.0pt
* \voffset=0.0pt
* \mag=1000
* \@twocolumnfalse
* \@twosidefalse
* \@mparswitchfalse
* \@reversemarginfalse
* (1in=72.27pt=25.4mm, 1cm=28.453pt)

("C:\Program Files\MiKTeX 2.9\tex/context/base/mkii\supp-pdf.mkii"
[Loading MPS to PDF converter (version 2006.09.02).]
\scratchcounter=\count148
\scratchdimen=\dimen136
\scratchbox=\box32
\nofMPsegments=\count149
\nofMParguments=\count150
\everyMPshowfont=\toks29
\MPscratchCnt=\count151
\MPscratchDim=\dimen137
\MPnumerator=\count152
\makeMPintoPDFobject=\count153
\everyMPtoPDFconversion=\toks30
) ("C:\Program Files\MiKTeX 2.9\tex/latex/epstopdf-pkg\epstopdf-base.sty"
Package: epstopdf-base 2019-12-09 v2.10 Base part for package epstopdf
Package epstopdf-base Info: Redefining graphics rule for `.eps' on input line 4
85.
)
Package caption Info: Begin \AtBeginDocument code.
Package caption Info: hyperref package is loaded.
Package caption Info: End \AtBeginDocument code.
\AtBeginShipoutBox=\box33
Package hyperref Info: Link coloring OFF on input line 61.

("C:\Program Files\MiKTeX 2.9\tex/latex/hyperref\nameref.sty"
Package: nameref 2019/09/16 v2.46 Cross-referencing by name of section

("C:\Program Files\MiKTeX 2.9\tex/latex/refcount\refcount.sty"
Package: refcount 2019/12/15 v3.6 Data extraction from label references (HO)
)
("C:\Program Files\MiKTeX 2.9\tex/generic/gettitlestring\gettitlestring.sty"
Package: gettitlestring 2019/12/15 v1.6 Cleanup title references (HO)
)
\c@section@level=\count154
)
LaTeX Info: Redefining \ref on input line 61.
LaTeX Info: Redefining \pageref on input line 61.
LaTeX Info: Redefining \nameref on input line 61.

(report.out) (report.out)
\@outlinefile=\write4
\openout4 = `report.out'.



Package geometry Warning: `a4paper': not available in `\newgeometry'; skipped.

*geometry* verbose mode - [ newgeometry ] result:
* driver: pdftex
* paper: <default>
* layout: <same size as paper>
* layoutoffset:(h,v)=(0.0pt,0.0pt)
* modes: 
* h-part:(L,W,R)=(85.35826pt, 443.57848pt, 85.35826pt)
* v-part:(T,H,B)=(85.35826pt, 681.15898pt, 28.45274pt)
* \paperwidth=614.295pt
* \paperheight=794.96999pt
* \textwidth=443.57848pt
* \textheight=681.15898pt
* \oddsidemargin=13.08827pt
* \evensidemargin=13.08827pt
* \topmargin=-23.91173pt
* \headheight=12.0pt
* \headsep=25.0pt
* \topskip=12.0pt
* \footskip=30.0pt
* \marginparwidth=44.0pt
* \marginparsep=10.0pt
* \columnsep=10.0pt
* \skip\footins=10.8pt plus 4.0pt minus 2.0pt
* \hoffset=0.0pt
* \voffset=0.0pt
* \mag=1000
* \@twocolumnfalse
* \@twosidefalse
* \@mparswitchfalse
* \@reversemarginfalse
* (1in=72.27pt=25.4mm, 1cm=28.453pt)

Package epstopdf Info: Source file: <./images/icons/my_qrcode.eps>
(epstopdf)                    date: 2020-05-24 14:20:13
(epstopdf)                    size: 15264 bytes
(epstopdf)             Output file: <./images/icons/my_qrcode-eps-converted-to.
pdf>
(epstopdf)                    date: 2020-05-24 16:35:01
(epstopdf)                    size: 4752 bytes
(epstopdf)             Command: <epstopdf --outfile=./images/icons/my_qrcode-ep
s-converted-to.pdf ./images/icons/my_qrcode.eps>
(epstopdf)             \includegraphics on input line 77.
Package epstopdf Info: Output file is already uptodate.


pdfTeX warning: pdflatex.exe (file ./images/icons/my_qrcode-eps-converted-to.pd
f): PDF inclusion: found PDF version <1.7>, but at most version <1.5> allowed
<./images/icons/my_qrcode-eps-converted-to.pdf, id=24, 373.395pt x 373.395pt>
File: ./images/icons/my_qrcode-eps-converted-to.pdf Graphic file (type pdf)
<use ./images/icons/my_qrcode-eps-converted-to.pdf>
Package pdftex.def Info: ./images/icons/my_qrcode-eps-converted-to.pdf  used on
 input line 77.
(pdftex.def)             Requested size: 110.8946pt x 110.89125pt.
Package epstopdf Info: Source file: <./images/icons/linkedin_logo.eps>
(epstopdf)                    date: 2020-05-24 16:34:02
(epstopdf)                    size: 3909 bytes
(epstopdf)             Output file: <./images/icons/linkedin_logo-eps-converted
-to.pdf>
(epstopdf)                    date: 2020-05-24 16:38:07
(epstopdf)                    size: 3043 bytes
(epstopdf)             Command: <epstopdf --outfile=./images/icons/linkedin_log
o-eps-converted-to.pdf ./images/icons/linkedin_logo.eps>
(epstopdf)             \includegraphics on input line 81.
Package epstopdf Info: Output file is already uptodate.


pdfTeX warning: pdflatex.exe (file ./images/icons/linkedin_logo-eps-converted-t
o.pdf): PDF inclusion: found PDF version <1.7>, but at most version <1.5> allow
ed
<./images/icons/linkedin_logo-eps-converted-to.pdf, id=26, 330.23375pt x 330.23
375pt>
File: ./images/icons/linkedin_logo-eps-converted-to.pdf Graphic file (type pdf)

<use ./images/icons/linkedin_logo-eps-converted-to.pdf>
Package pdftex.def Info: ./images/icons/linkedin_logo-eps-converted-to.pdf  use
d on input line 81.
(pdftex.def)             Requested size: 11.08675pt x 11.0857pt.
Package epstopdf Info: Source file: <./images/icons/github_mark.eps>
(epstopdf)                    date: 2020-05-24 17:07:14
(epstopdf)                    size: 5222 bytes
(epstopdf)             Output file: <./images/icons/github_mark-eps-converted-t
o.pdf>
(epstopdf)                    date: 2020-05-24 17:07:21
(epstopdf)                    size: 3736 bytes
(epstopdf)             Command: <epstopdf --outfile=./images/icons/github_mark-
eps-converted-to.pdf ./images/icons/github_mark.eps>
(epstopdf)             \includegraphics on input line 86.
Package epstopdf Info: Output file is already uptodate.


pdfTeX warning: pdflatex.exe (file ./images/icons/github_mark-eps-converted-to.
pdf): PDF inclusion: found PDF version <1.7>, but at most version <1.5> allowed

<./images/icons/github_mark-eps-converted-to.pdf, id=29, 330.23375pt x 322.2037
5pt>
File: ./images/icons/github_mark-eps-converted-to.pdf Graphic file (type pdf)
<use ./images/icons/github_mark-eps-converted-to.pdf>
Package pdftex.def Info: ./images/icons/github_mark-eps-converted-to.pdf  used 
on input line 86.
(pdftex.def)             Requested size: 11.08675pt x 10.81613pt.
LaTeX Font Info:    Trying to load font information for U+msa on input line 91.

("C:\Program Files\MiKTeX 2.9\tex/latex/amsfonts\umsa.fd"
File: umsa.fd 2013/01/14 v3.01 AMS symbols A
)
LaTeX Font Info:    Trying to load font information for U+msb on input line 91.


("C:\Program Files\MiKTeX 2.9\tex/latex/amsfonts\umsb.fd"
File: umsb.fd 2013/01/14 v3.01 AMS symbols B
) [1


{C:/Users/divya/AppData/Local/MiKTeX/2.9/pdftex/config/pdftex.map} <./images/ic
ons/my_qrcode-eps-converted-to.pdf> <./images/icons/linkedin_logo-eps-converted
-to.pdf> <./images/icons/github_mark-eps-converted-to.pdf>] (report.nls)pdfTeX 
warning (ext4): destination with the same identifier (name{page.1}) has been al
ready used, duplicate ignored
<to be read again> 
                   \relax 
l.105 
       [1


]
Underfull \hbox (badness 10000) in paragraph at lines 111--115

 []


Package Fancyhdr Warning: \headheight is too small (12.0pt): 
Make it at least 14.49998pt.
We now make it that large for the rest of the document.
This may cause the page layout to be inconsistent, however.

[2]
<./images/plot_11.pdf, id=63, 404.8293pt x 328.66582pt>
File: ./images/plot_11.pdf Graphic file (type pdf)
<use ./images/plot_11.pdf>
Package pdftex.def Info: ./images/plot_11.pdf  used on input line 146.
(pdftex.def)             Requested size: 278.69475pt x 226.26811pt.
<./images/plot_12.pdf, id=64, 404.8293pt x 328.66582pt>
File: ./images/plot_12.pdf Graphic file (type pdf)
<use ./images/plot_12.pdf>
Package pdftex.def Info: ./images/plot_12.pdf  used on input line 152.
(pdftex.def)             Requested size: 139.34737pt x 113.12903pt.

Underfull \hbox (badness 10000) in paragraph at lines 153--153
[]\OT1/cmr/bx/n/10.95 (b) |Chang-ing Growth
 []

<./images/plot_13.pdf, id=65, 406.71133pt x 329.90483pt>
File: ./images/plot_13.pdf Graphic file (type pdf)
<use ./images/plot_13.pdf>
Package pdftex.def Info: ./images/plot_13.pdf  used on input line 157.
(pdftex.def)             Requested size: 139.34737pt x 113.03198pt.
LaTeX Font Info:    Trying to load font information for OMS+cmr on input line 1
68.
("C:\Program Files\MiKTeX 2.9\tex/latex/base\omscmr.fd"
File: omscmr.fd 2014/09/29 v2.5h Standard LaTeX font definitions
)
LaTeX Font Info:    Font shape `OMS/cmr/m/n' in size <12> not available
(Font)              Font shape `OMS/cmsy/m/n' tried instead on input line 168.
 [3 <./images/plot_11.pdf> <./images/plot_12.pdf

pdfTeX warning: pdflatex.exe (file ./images/plot_12.pdf): PDF inclusion: multip
le pdfs with page group included in a single page
> <./images/plot_13.pdf

pdfTeX warning: pdflatex.exe (file ./images/plot_13.pdf): PDF inclusion: multip
le pdfs with page group included in a single page
>]
Underfull \hbox (badness 10000) in paragraph at lines 174--185

 []


Underfull \hbox (badness 10000) in paragraph at lines 174--185

 []


Underfull \hbox (badness 10000) in paragraph at lines 174--185

 []

[4]
<./images/plot_1.pdf, id=188, 420.48152pt x 374.25656pt>
File: ./images/plot_1.pdf Graphic file (type pdf)
<use ./images/plot_1.pdf>
Package pdftex.def Info: ./images/plot_1.pdf  used on input line 189.
(pdftex.def)             Requested size: 278.69475pt x 248.06085pt.

Underfull \hbox (badness 10000) in paragraph at lines 194--204

 []


Underfull \hbox (badness 10000) in paragraph at lines 194--204

 []


Underfull \hbox (badness 10000) in paragraph at lines 194--204

 []

<./images/plot_7.pdf, id=190, 496.59909pt x 378.90843pt>
File: ./images/plot_7.pdf Graphic file (type pdf)
<use ./images/plot_7.pdf>
Package pdftex.def Info: ./images/plot_7.pdf  used on input line 207.
(pdftex.def)             Requested size: 278.69475pt x 212.64401pt.
[5 <./images/plot_1.pdf>]
Underfull \hbox (badness 10000) in paragraph at lines 212--219

 []


Underfull \hbox (badness 10000) in paragraph at lines 212--219

 []

<./images/plot_5.pdf, id=246, 487.07036pt x 378.90843pt>
File: ./images/plot_5.pdf Graphic file (type pdf)
<use ./images/plot_5.pdf>
Package pdftex.def Info: ./images/plot_5.pdf  used on input line 222.
(pdftex.def)             Requested size: 278.69475pt x 216.80682pt.
[6 <./images/plot_7.pdf>]
Underfull \hbox (badness 10000) in paragraph at lines 227--231

 []

<./images/plot_9.pdf, id=302, 474.32407pt x 344.7279pt>
File: ./images/plot_9.pdf Graphic file (type pdf)
<use ./images/plot_9.pdf>
Package pdftex.def Info: ./images/plot_9.pdf  used on input line 234.
(pdftex.def)             Requested size: 278.69475pt x 202.55133pt.
[7 <./images/plot_5.pdf>] (report.bbl [8 <./images/plot_9.pdf>]) [9

]
<./images/plot_8.pdf, id=409, 409.29913pt x 331.47043pt>
File: ./images/plot_8.pdf Graphic file (type pdf)
<use ./images/plot_8.pdf>
Package pdftex.def Info: ./images/plot_8.pdf  used on input line 273.
(pdftex.def)             Requested size: 278.69475pt x 225.70543pt.
<./images/plot_6.pdf, id=410, 404.8293pt x 331.47043pt>
File: ./images/plot_6.pdf Graphic file (type pdf)
<use ./images/plot_6.pdf>
Package pdftex.def Info: ./images/plot_6.pdf  used on input line 280.
(pdftex.def)             Requested size: 278.69475pt x 228.19893pt.
Package atveryend Info: Empty hook `BeforeClearDocument' on input line 285.
 [10 <./images/plot_8.pdf> <./images/plot_6.pdf

pdfTeX warning: pdflatex.exe (file ./images/plot_6.pdf): PDF inclusion: multipl
e pdfs with page group included in a single page
>]
Package atveryend Info: Empty hook `AfterLastShipout' on input line 285.
 (report.aux)
Package atveryend Info: Executing hook `AtVeryEndDocument' on input line 285.
Package atveryend Info: Executing hook `AtEndAfterFileList' on input line 285.
Package rerunfilecheck Info: File `report.out' has not changed.
(rerunfilecheck)             Checksum: D30BE42FFAC790EE7563727494F95BED;271.
 ) 
Here is how much of TeX's memory you used:
 10744 strings out of 492483
 163408 string characters out of 3131039
 326744 words of memory out of 3000000
 14830 multiletter control sequences out of 15000+200000
 12139 words of font info for 45 fonts, out of 3000000 for 9000
 1141 hyphenation exceptions out of 8191
 55i,14n,96p,1266b,564s stack positions out of 5000i,500n,10000p,200000b,50000s
<C:/Program Files/MiKTeX 2.9/fonts/type1/public/amsfonts/cm/cmbx10.pfb><C:/Pr
ogram Files/MiKTeX 2.9/fonts/type1/public/amsfonts/cm/cmbx12.pfb><C:/Program Fi
les/MiKTeX 2.9/fonts/type1/public/amsfonts/cm/cmex10.pfb><C:/Program Files/MiKT
eX 2.9/fonts/type1/public/amsfonts/cm/cmmi12.pfb><C:/Program Files/MiKTeX 2.9/f
onts/type1/public/amsfonts/cm/cmmi8.pfb><C:/Program Files/MiKTeX 2.9/fonts/type
1/public/amsfonts/cm/cmr12.pfb><C:/Program Files/MiKTeX 2.9/fonts/type1/public/
amsfonts/cm/cmr8.pfb><C:/Program Files/MiKTeX 2.9/fonts/type1/public/amsfonts/c
m/cmsy10.pfb><C:/Program Files/MiKTeX 2.9/fonts/type1/public/amsfonts/cm/cmti12
.pfb><C:/Program Files/MiKTeX 2.9/fonts/type1/public/amsfonts/cm/cmtt12.pfb>
Output written on report.pdf (11 pages, 345607 bytes).
PDF statistics:
 550 PDF objects out of 1000 (max. 8388607)
 33 named destinations out of 1000 (max. 500000)
 101 words of extra memory for PDF output out of 10000 (max. 10000000)

